[90m2024-01-26T09:56:45.920Z[39m [96mINFO[39m [97m@wdio/browserstack-service[39m app is not defined in browserstack-service config, skipping ...
[90m2024-01-26T09:56:45.920Z[39m [32mDEBUG[39m [97m@wdio/browserstack-service[39m Sending launch start event
[90m2024-01-26T09:56:45.932Z[39m [31mERROR[39m [97m@wdio/browserstack-service[39m Data upload to BrowserStack Test Observability failed due to RequestError: Expected value which is `string`, received value of type `undefined`.
[90m2024-01-26T09:56:51.841Z[39m [31mERROR[39m [97m@wdio/browserstack-service[39m Error in executing getUserCaps with args [object Object]: TypeError: Cannot read properties of undefined (reading 'capabilities')
[90m2024-01-26T09:56:51.843Z[39m [31mERROR[39m [97m@wdio/browserstack-service[39m [Crash_Report_Upload] Failed to parse user credentials while reporting crash
[90m2024-01-26T09:56:53.901Z[39m [31mERROR[39m [97m@wdio/browserstack-service[39m Error in executing getUserCaps with args [object Object]: TypeError: Cannot read properties of undefined (reading 'capabilities')
[90m2024-01-26T09:56:53.902Z[39m [31mERROR[39m [97m@wdio/browserstack-service[39m [Crash_Report_Upload] Failed to parse user credentials while reporting crash
[90m2024-01-26T09:56:55.989Z[39m [31mERROR[39m [97m@wdio/browserstack-service[39m Error in executing getUserCaps with args [object Object]: TypeError: Cannot read properties of undefined (reading 'capabilities')
[90m2024-01-26T09:56:55.991Z[39m [31mERROR[39m [97m@wdio/browserstack-service[39m [Crash_Report_Upload] Failed to parse user credentials while reporting crash
[90m2024-01-26T09:56:58.061Z[39m [31mERROR[39m [97m@wdio/browserstack-service[39m Error in executing getUserCaps with args [object Object]: TypeError: Cannot read properties of undefined (reading 'capabilities')
[90m2024-01-26T09:56:58.062Z[39m [31mERROR[39m [97m@wdio/browserstack-service[39m [Crash_Report_Upload] Failed to parse user credentials while reporting crash
[90m2024-01-26T09:57:00.189Z[39m [31mERROR[39m [97m@wdio/browserstack-service[39m Error in executing getUserCaps with args [object Object]: TypeError: Cannot read properties of undefined (reading 'capabilities')
[90m2024-01-26T09:57:00.190Z[39m [31mERROR[39m [97m@wdio/browserstack-service[39m [Crash_Report_Upload] Failed to parse user credentials while reporting crash
[90m2024-01-26T09:57:02.242Z[39m [31mERROR[39m [97m@wdio/browserstack-service[39m Error in executing getUserCaps with args [object Object]: TypeError: Cannot read properties of undefined (reading 'capabilities')
[90m2024-01-26T09:57:02.243Z[39m [31mERROR[39m [97m@wdio/browserstack-service[39m [Crash_Report_Upload] Failed to parse user credentials while reporting crash
[90m2024-01-26T09:57:04.330Z[39m [31mERROR[39m [97m@wdio/browserstack-service[39m Error in executing getUserCaps with args [object Object]: TypeError: Cannot read properties of undefined (reading 'capabilities')
[90m2024-01-26T09:57:04.331Z[39m [31mERROR[39m [97m@wdio/browserstack-service[39m [Crash_Report_Upload] Failed to parse user credentials while reporting crash
[90m2024-01-26T09:57:06.422Z[39m [31mERROR[39m [97m@wdio/browserstack-service[39m Error in executing getUserCaps with args [object Object]: TypeError: Cannot read properties of undefined (reading 'capabilities')
[90m2024-01-26T09:57:06.424Z[39m [31mERROR[39m [97m@wdio/browserstack-service[39m [Crash_Report_Upload] Failed to parse user credentials while reporting crash
[90m2024-01-26T09:57:08.498Z[39m [31mERROR[39m [97m@wdio/browserstack-service[39m Error in executing getUserCaps with args [object Object]: TypeError: Cannot read properties of undefined (reading 'capabilities')
[90m2024-01-26T09:57:08.499Z[39m [31mERROR[39m [97m@wdio/browserstack-service[39m [Crash_Report_Upload] Failed to parse user credentials while reporting crash
[90m2024-01-26T09:57:10.519Z[39m [31mERROR[39m [97m@wdio/browserstack-service[39m Error in executing getUserCaps with args [object Object]: TypeError: Cannot read properties of undefined (reading 'capabilities')
[90m2024-01-26T09:57:10.520Z[39m [31mERROR[39m [97m@wdio/browserstack-service[39m [Crash_Report_Upload] Failed to parse user credentials while reporting crash
[90m2024-01-26T09:57:12.592Z[39m [31mERROR[39m [97m@wdio/browserstack-service[39m Error in executing getUserCaps with args [object Object]: TypeError: Cannot read properties of undefined (reading 'capabilities')
[90m2024-01-26T09:57:12.593Z[39m [31mERROR[39m [97m@wdio/browserstack-service[39m [Crash_Report_Upload] Failed to parse user credentials while reporting crash
[90m2024-01-26T09:57:14.697Z[39m [31mERROR[39m [97m@wdio/browserstack-service[39m Error in executing getUserCaps with args [object Object]: TypeError: Cannot read properties of undefined (reading 'capabilities')
[90m2024-01-26T09:57:14.698Z[39m [31mERROR[39m [97m@wdio/browserstack-service[39m [Crash_Report_Upload] Failed to parse user credentials while reporting crash
[90m2024-01-26T09:57:16.832Z[39m [31mERROR[39m [97m@wdio/browserstack-service[39m Error in executing getUserCaps with args [object Object]: TypeError: Cannot read properties of undefined (reading 'capabilities')
[90m2024-01-26T09:57:16.833Z[39m [31mERROR[39m [97m@wdio/browserstack-service[39m [Crash_Report_Upload] Failed to parse user credentials while reporting crash
[90m2024-01-26T09:57:19.017Z[39m [31mERROR[39m [97m@wdio/browserstack-service[39m Error in executing getUserCaps with args [object Object]: TypeError: Cannot read properties of undefined (reading 'capabilities')
[90m2024-01-26T09:57:19.019Z[39m [31mERROR[39m [97m@wdio/browserstack-service[39m [Crash_Report_Upload] Failed to parse user credentials while reporting crash
[90m2024-01-26T09:57:21.237Z[39m [31mERROR[39m [97m@wdio/browserstack-service[39m Error in executing getUserCaps with args [object Object]: TypeError: Cannot read properties of undefined (reading 'capabilities')
[90m2024-01-26T09:57:21.239Z[39m [31mERROR[39m [97m@wdio/browserstack-service[39m [Crash_Report_Upload] Failed to parse user credentials while reporting crash
[90m2024-01-26T09:57:23.368Z[39m [31mERROR[39m [97m@wdio/browserstack-service[39m Error in executing getUserCaps with args [object Object]: TypeError: Cannot read properties of undefined (reading 'capabilities')
[90m2024-01-26T09:57:23.370Z[39m [31mERROR[39m [97m@wdio/browserstack-service[39m [Crash_Report_Upload] Failed to parse user credentials while reporting crash
[90m2024-01-26T09:57:25.552Z[39m [31mERROR[39m [97m@wdio/browserstack-service[39m Error in executing getUserCaps with args [object Object]: TypeError: Cannot read properties of undefined (reading 'capabilities')
[90m2024-01-26T09:57:25.553Z[39m [31mERROR[39m [97m@wdio/browserstack-service[39m [Crash_Report_Upload] Failed to parse user credentials while reporting crash
[90m2024-01-26T09:57:27.645Z[39m [31mERROR[39m [97m@wdio/browserstack-service[39m Error in executing getUserCaps with args [object Object]: TypeError: Cannot read properties of undefined (reading 'capabilities')
[90m2024-01-26T09:57:27.647Z[39m [31mERROR[39m [97m@wdio/browserstack-service[39m [Crash_Report_Upload] Failed to parse user credentials while reporting crash
